<?xml version="1.0" encoding="UTF-8"?>
<testsuite xmlns:xsi="http://www.w3.org/2001/XMLSchema-instance" xsi:noNamespaceSchemaLocation="https://maven.apache.org/surefire/maven-surefire-plugin/xsd/surefire-test-report.xsd" name="it.unipd.mtss.IntegerToRomanTest" time="0.002" tests="11" errors="0" skipped="0" failures="0">
  <properties>
    <property name="java.specification.version" value="18"/>
    <property name="sun.cpu.isalist" value="amd64"/>
    <property name="sun.jnu.encoding" value="Cp1252"/>
    <property name="java.class.path" value="C:\Users\LukeDj\Desktop\MTSS-Assignment-2\target\test-classes;C:\Users\LukeDj\Desktop\MTSS-Assignment-2\target\classes;C:\Users\LukeDj\.m2\repository\junit\junit\4.12\junit-4.12.jar;C:\Users\LukeDj\.m2\repository\org\hamcrest\hamcrest-core\1.3\hamcrest-core-1.3.jar;"/>
    <property name="java.vm.vendor" value="Oracle Corporation"/>
    <property name="sun.arch.data.model" value="64"/>
    <property name="user.variant" value=""/>
    <property name="java.vendor.url" value="https://java.oracle.com/"/>
    <property name="user.timezone" value="Europe/Rome"/>
    <property name="os.name" value="Windows 10"/>
    <property name="java.vm.specification.version" value="18"/>
    <property name="sun.java.launcher" value="SUN_STANDARD"/>
    <property name="user.country" value="IT"/>
    <property name="sun.boot.library.path" value="C:\Program Files\Java\jdk-18.0.2.1\bin"/>
    <property name="sun.java.command" value="C:\Users\LukeDj\AppData\Local\Temp\surefire125283054405253713\surefirebooter17950711156570242141.jar C:\Users\LukeDj\AppData\Local\Temp\surefire125283054405253713 2024-05-19T16-50-40_299-jvmRun1 surefire8937069978826146669tmp surefire_016977444693814330547tmp"/>
    <property name="jdk.debug" value="release"/>
    <property name="surefire.test.class.path" value="C:\Users\LukeDj\Desktop\MTSS-Assignment-2\target\test-classes;C:\Users\LukeDj\Desktop\MTSS-Assignment-2\target\classes;C:\Users\LukeDj\.m2\repository\junit\junit\4.12\junit-4.12.jar;C:\Users\LukeDj\.m2\repository\org\hamcrest\hamcrest-core\1.3\hamcrest-core-1.3.jar;"/>
    <property name="sun.cpu.endian" value="little"/>
    <property name="user.home" value="C:\Users\LukeDj"/>
    <property name="user.language" value="it"/>
    <property name="java.specification.vendor" value="Oracle Corporation"/>
    <property name="java.version.date" value="2022-08-18"/>
    <property name="java.home" value="C:\Program Files\Java\jdk-18.0.2.1"/>
    <property name="file.separator" value="\"/>
    <property name="basedir" value="C:\Users\LukeDj\Desktop\MTSS-Assignment-2"/>
    <property name="java.vm.compressedOopsMode" value="Zero based"/>
    <property name="line.separator" value="&#10;"/>
    <property name="java.vm.specification.vendor" value="Oracle Corporation"/>
    <property name="java.specification.name" value="Java Platform API Specification"/>
    <property name="surefire.real.class.path" value="C:\Users\LukeDj\AppData\Local\Temp\surefire125283054405253713\surefirebooter17950711156570242141.jar"/>
    <property name="user.script" value=""/>
    <property name="sun.management.compiler" value="HotSpot 64-Bit Tiered Compilers"/>
    <property name="java.runtime.version" value="18.0.2.1+1-1"/>
    <property name="user.name" value="LukeDj"/>
    <property name="path.separator" value=";"/>
    <property name="os.version" value="10.0"/>
    <property name="java.runtime.name" value="Java(TM) SE Runtime Environment"/>
    <property name="file.encoding" value="UTF-8"/>
    <property name="java.vm.name" value="Java HotSpot(TM) 64-Bit Server VM"/>
    <property name="localRepository" value="C:\Users\LukeDj\.m2\repository"/>
    <property name="java.vendor.url.bug" value="https://bugreport.java.com/bugreport/"/>
    <property name="java.io.tmpdir" value="C:\Users\LukeDj\AppData\Local\Temp\"/>
    <property name="java.version" value="18.0.2.1"/>
    <property name="user.dir" value="C:\Users\LukeDj\Desktop\MTSS-Assignment-2"/>
    <property name="os.arch" value="amd64"/>
    <property name="java.vm.specification.name" value="Java Virtual Machine Specification"/>
    <property name="sun.os.patch.level" value=""/>
    <property name="native.encoding" value="Cp1252"/>
    <property name="java.library.path" value="C:\Program Files\Java\jdk-18.0.2.1\bin;C:\Windows\Sun\Java\bin;C:\Windows\system32;C:\Windows;C:\Program Files\Java\jdk-18.0.2.1\bin;C:\Program Files\Java\jdk1.8.0_202\bin;C:\Program Files\Java\jdk-17\bin;C:\Program Files\Java\jdk-20\bin;C:\Program Files\Java\jdk-15.0.2\bin;C:\Program Files\Java\jdk-20;C:\Program Files\php-8.1.9;C:\Program Files (x86)\Common Files\Intel\Shared Libraries\redist\intel64\compiler;C:\Program Files\Common Files\Oracle\Java\javapath;C:\Windows\system32;C:\Windows;C:\Windows\System32\Wbem;C:\Windows\System32\WindowsPowerShell\v1.0\;C:\Windows\System32\OpenSSH\;C:\Program Files\dotnet\;C:\Program Files\NVIDIA Corporation\NVIDIA NvDLISR;C:\Program Files (x86)\NVIDIA Corporation\PhysX\Common;C:\Program Files\Git\cmd;C:\Program Files\nodejs\;C:\MinGW\bin;C:\ProgramData\chocolatey\bin;C:\Users\LukeDj\AppData\Roaming\Python\Scripts;D:\Things\MatLab\bin;C:\Program Files\Maven\bin;C:\Users\LukeDj\AppData\Local\Programs\Python\Python311\Scripts\;C:\Users\LukeDj\AppData\Local\Programs\Python\Python311\;C:\Users\LukeDj\AppData\Local\Microsoft\WindowsApps;C:\Users\LukeDj\AppData\Local\JetBrains\Toolbox\scripts;C:\Users\LukeDj\AppData\Local\Programs\Microsoft VS Code\bin;C:\Users\LukeDj\AppData\Local\GitHubDesktop\bin;C:\Users\LukeDj\AppData\Roaming\npm;C:\Users\LukeDj\AppData\Local\spicetify;C:\Program Files (x86)\Nmap;."/>
    <property name="java.vm.info" value="mixed mode, sharing"/>
    <property name="java.vendor" value="Oracle Corporation"/>
    <property name="java.vm.version" value="18.0.2.1+1-1"/>
    <property name="sun.io.unicode.encoding" value="UnicodeLittle"/>
    <property name="java.class.version" value="62.0"/>
  </properties>
  <testcase name="testIntegerToRomanNumberNegativeNumber" classname="it.unipd.mtss.IntegerToRomanTest" time="0"/>
  <testcase name="testIntegerToRomanFirstTwentyNumber" classname="it.unipd.mtss.IntegerToRomanTest" time="0"/>
  <testcase name="testIntegerToRomanNumberZero" classname="it.unipd.mtss.IntegerToRomanTest" time="0"/>
  <testcase name="testIntegerToRomanDefaultCase" classname="it.unipd.mtss.IntegerToRomanTest" time="0.001"/>
  <testcase name="testIntegerToRomanFirstThreeNumber" classname="it.unipd.mtss.IntegerToRomanTest" time="0"/>
  <testcase name="testIntegerToRomanFirstHundredNumber" classname="it.unipd.mtss.IntegerToRomanTest" time="0"/>
  <testcase name="testIntegerToRomanFirstFiftyNumber" classname="it.unipd.mtss.IntegerToRomanTest" time="0"/>
  <testcase name="testIntegerToRomanFirstFiveHundredNumber" classname="it.unipd.mtss.IntegerToRomanTest" time="0"/>
  <testcase name="testIntegerToRomanSixThreeNumber" classname="it.unipd.mtss.IntegerToRomanTest" time="0"/>
  <testcase name="testIntegerToRomanFirstThousandNumber" classname="it.unipd.mtss.IntegerToRomanTest" time="0"/>
  <testcase name="testIntegerToRomanNumberOutOfBound" classname="it.unipd.mtss.IntegerToRomanTest" time="0"/>
</testsuite>